#
# There is insufficient memory for the Java Runtime Environment to continue.
# Native memory allocation (malloc) failed to allocate 1048576 bytes for AllocateHeap
# Possible reasons:
#   The system is out of physical RAM or swap space
#   The process is running with CompressedOops enabled, and the Java Heap may be blocking the growth of the native heap
# Possible solutions:
#   Reduce memory load on the system
#   Increase physical memory or swap space
#   Check if swap backing store is full
#   Decrease Java heap size (-Xmx/-Xms)
#   Decrease number of Java threads
#   Decrease Java thread stack sizes (-Xss)
#   Set larger code cache with -XX:ReservedCodeCacheSize=
# This output file may be truncated or incomplete.
#
#  Out of Memory Error (memory/allocation.inline.hpp:63), pid=7816, tid=12272
#
# JRE version:  (10.0.2+13) (build )
# Java VM: Java HotSpot(TM) 64-Bit Server VM (10.0.2+13, mixed mode, aot, tiered, compressed oops, g1 gc, windows-amd64)
# No core dump will be written. Minidumps are not enabled by default on client versions of Windows
#

---------------  S U M M A R Y ------------

Command Line: -Dfile.encoding=UTF-8 com.sofi.coupons.Main

Host: Intel(R) Core(TM) i7-4510U CPU @ 2.00GHz, 4 cores, 7G,  Windows 8.1 , 64 bit Build 9600 (6.3.9600.19290)
Time: Sun Mar 28 01:01:11 2021 Jerusalem Daylight Time elapsed time: 0 seconds (0d 0h 0m 0s)

---------------  T H R E A D  ---------------

Current thread (0x00000095a0dd7000):  JavaThread "Unknown thread" [_thread_in_vm, id=12272, stack(0x00000095a0cd0000,0x00000095a0dd0000)]

Stack: [0x00000095a0cd0000,0x00000095a0dd0000]
Native frames: (J=compiled Java code, j=interpreted, Vv=VM code, C=native code)
V  [jvm.dll+0x5a01a9]
V  [jvm.dll+0x6bcf31]
V  [jvm.dll+0x6be126]
V  [jvm.dll+0x6be7b3]
V  [jvm.dll+0x234978]
V  [jvm.dll+0x105556]
V  [jvm.dll+0x2cb95c]
V  [jvm.dll+0x2c5734]
V  [jvm.dll+0x69d1db]
V  [jvm.dll+0x69e9fc]
V  [jvm.dll+0x3519e9]
V  [jvm.dll+0x6856a2]
V  [jvm.dll+0x3ba0c3]
V  [jvm.dll+0x3bc261]
C  [javaw.exe+0x3541]
C  [javaw.exe+0xe1cf]
C  [javaw.exe+0xe376]
C  [KERNEL32.DLL+0x13d2]
C  [ntdll.dll+0x154f4]


---------------  P R O C E S S  ---------------

Threads class SMR info:
_java_thread_list=0x000000959f362c10, length=0, elements={
}

Java Threads: ( => current thread )

Other Threads:
  0x00000095a0df0800 GCTaskThread "GC Thread#0" [stack: 0x00000095bb360000,0x00000095bb460000] [id=9556]
  0x00000095a0df2000 GCTaskThread "GC Thread#1" [stack: 0x00000095bb460000,0x00000095bb560000] [id=12720]
  0x00000095a0df8000 GCTaskThread "GC Thread#2" [stack: 0x00000095bb560000,0x00000095bb660000] [id=4040]
  0x00000095a0dfa000 GCTaskThread "GC Thread#3" [stack: 0x00000095bb660000,0x00000095bb760000] [id=7552]

[error occurred during error reporting (printing all threads), id 0xe0000001]

VM state:not at safepoint (not fully initialized)

VM Mutex/Monitor currently owned by a thread:  ([mutex/lock_event])
[0x00000095a0dd5080] Heap_lock - owner thread: 0x00000095a0dd7000

Heap address: 0x0000000081c00000, size: 2020 MB, Compressed Oops mode: Non-zero based: 0x0000000081c00000
Narrow klass base: 0x0000000000000000, Narrow klass shift: 0

GC Heap History (0 events):
No events

Deoptimization events (0 events):
No events

Classes redefined (0 events):
No events

Internal exceptions (0 events):
No events

Events (0 events):
No events


Dynamic libraries:
0x00007ff76f740000 - 0x00007ff76f77e000 	C:\Program Files\Java\jdk-10.0.2\bin\javaw.exe
0x00007ffaba6e0000 - 0x00007ffaba88d000 	C:\Windows\SYSTEM32\ntdll.dll
0x00007ffaba530000 - 0x00007ffaba66f000 	C:\Windows\system32\KERNEL32.DLL
0x00007ffab7c50000 - 0x00007ffab7d66000 	C:\Windows\system32\KERNELBASE.dll
0x00007ffaba2d0000 - 0x00007ffaba37a000 	C:\Windows\system32\ADVAPI32.dll
0x00007ffab9970000 - 0x00007ffab9ae7000 	C:\Windows\system32\USER32.dll
0x00007ffab5570000 - 0x00007ffab57eb000 	C:\Windows\WinSxS\amd64_microsoft.windows.common-controls_6595b64144ccf1df_6.0.9600.19291_none_6248a9f3ecb5e89b\COMCTL32.dll
0x00007ffab50f0000 - 0x00007ffab50fa000 	C:\Windows\SYSTEM32\VERSION.dll
0x00007ffab9300000 - 0x00007ffab93aa000 	C:\Windows\system32\msvcrt.dll
0x00007ffab9910000 - 0x00007ffab9969000 	C:\Windows\SYSTEM32\sechost.dll
0x00007ffab9b50000 - 0x00007ffab9c90000 	C:\Windows\system32\RPCRT4.dll
0x00007ffab97c0000 - 0x00007ffab990c000 	C:\Windows\system32\GDI32.dll
0x00007ffab79e0000 - 0x00007ffab7a0e000 	C:\Windows\system32\SspiCli.dll
0x00007ffab9b10000 - 0x00007ffab9b46000 	C:\Windows\system32\IMM32.DLL
0x00007ffab9f40000 - 0x00007ffaba091000 	C:\Windows\system32\MSCTF.dll
0x00007ffa8aea0000 - 0x00007ffa8af8f000 	C:\Program Files\Java\jdk-10.0.2\bin\msvcr120.dll
0x00007ffa8ad60000 - 0x00007ffa8ae06000 	C:\Program Files\Java\jdk-10.0.2\bin\msvcp120.dll
0x0000000069580000 - 0x0000000069ff0000 	C:\Program Files\Java\jdk-10.0.2\bin\server\jvm.dll
0x00007ffaa1700000 - 0x00007ffaa1709000 	C:\Windows\SYSTEM32\WSOCK32.dll
0x00007ffaa17a0000 - 0x00007ffaa17c2000 	C:\Windows\SYSTEM32\WINMM.dll
0x00007ffab9f30000 - 0x00007ffab9f37000 	C:\Windows\system32\PSAPI.DLL
0x00007ffab93b0000 - 0x00007ffab940a000 	C:\Windows\system32\WS2_32.dll
0x00007ffaa1770000 - 0x00007ffaa179a000 	C:\Windows\SYSTEM32\WINMMBASE.dll
0x00007ffab9410000 - 0x00007ffab9419000 	C:\Windows\system32\NSI.dll
0x00007ffab7990000 - 0x00007ffab79df000 	C:\Windows\SYSTEM32\cfgmgr32.dll
0x00007ffab6630000 - 0x00007ffab6658000 	C:\Windows\SYSTEM32\DEVOBJ.dll
0x00007ffa93c70000 - 0x00007ffa93c7f000 	C:\Program Files\Java\jdk-10.0.2\bin\verify.dll
0x00007ffab0270000 - 0x00007ffab03f9000 	C:\Windows\SYSTEM32\DBGHELP.DLL
0x00007ffa90020000 - 0x00007ffa90047000 	C:\Program Files\Java\jdk-10.0.2\bin\java.dll
0x00007ffa93660000 - 0x00007ffa93676000 	C:\Program Files\Java\jdk-10.0.2\bin\zip.dll
0x00007ffa8d3a0000 - 0x00007ffa8d3aa000 	C:\Program Files\Java\jdk-10.0.2\bin\jimage.dll

dbghelp: loaded successfully - version: 4.0.5 - missing functions: none
symbol engine: initialized successfully - sym options: 0x614 - pdb path: .;C:\Program Files\Java\jdk-10.0.2\bin;C:\Windows\SYSTEM32;C:\Windows\WinSxS\amd64_microsoft.windows.common-controls_6595b64144ccf1df_6.0.9600.19291_none_6248a9f3ecb5e89b;C:\Program Files\Java\jdk-10.0.2\bin\server

VM Arguments:
jvm_args: -Dfile.encoding=UTF-8 
java_command: com.sofi.coupons.Main
java_class_path (initial): C:\Users\USER\eclipse-workspace-new\Project01Phase2\target\classes;C:\Users\USER\.m2\repository\org\springframework\boot\spring-boot-starter-web\2.3.3.RELEASE\spring-boot-starter-web-2.3.3.RELEASE.jar;C:\Users\USER\.m2\repository\org\springframework\boot\spring-boot-starter\2.3.3.RELEASE\spring-boot-starter-2.3.3.RELEASE.jar;C:\Users\USER\.m2\repository\org\springframework\boot\spring-boot\2.3.3.RELEASE\spring-boot-2.3.3.RELEASE.jar;C:\Users\USER\.m2\repository\org\springframework\boot\spring-boot-autoconfigure\2.3.3.RELEASE\spring-boot-autoconfigure-2.3.3.RELEASE.jar;C:\Users\USER\.m2\repository\org\springframework\boot\spring-boot-starter-logging\2.3.3.RELEASE\spring-boot-starter-logging-2.3.3.RELEASE.jar;C:\Users\USER\.m2\repository\ch\qos\logback\logback-classic\1.2.3\logback-classic-1.2.3.jar;C:\Users\USER\.m2\repository\ch\qos\logback\logback-core\1.2.3\logback-core-1.2.3.jar;C:\Users\USER\.m2\repository\org\apache\logging\log4j\log4j-to-slf4j\2.13.3\log4j-to-slf4j-2.13.3.jar;C:\Users\USER\.m2\repository\org\apache\logging\log4j\log4j-api\2.13.3\log4j-api-2.13.3.jar;C:\Users\USER\.m2\repository\org\slf4j\jul-to-slf4j\1.7.30\jul-to-slf4j-1.7.30.jar;C:\Users\USER\.m2\repository\jakarta\annotation\jakarta.annotation-api\1.3.5\jakarta.annotation-api-1.3.5.jar;C:\Users\USER\.m2\repository\org\springframework\spring-core\5.2.8.RELEASE\spring-core-5.2.8.RELEASE.jar;C:\Users\USER\.m2\repository\org\springframework\spring-jcl\5.2.8.RELEASE\spring-jcl-5.2.8.RELEASE.jar;C:\Users\USER\.m2\repository\org\yaml\snakeyaml\1.26\snakeyaml-1.26.jar;C:\Users\USER\.m2\repository\org\springframework\boot\spring-boot-starter-json\2.3.3.RELEASE\spring-boot-starter-json-2.3.3.RELEASE.jar;C:\Users\USER\.m2\repository\com\fasterxml\jackson\core\jackson-databind\2.11.2\jackson-databind-2.11.2.jar;C:\Users\USER\.m2\repository\com\fasterxml\jackson\core\jackson-annotations\2.11.2\jackson-annotations-2.11.2.jar;C:\Users\USER\.m2\repository\com\fasterxml\jackson\
Launcher Type: SUN_STANDARD

Logging:
Log output configuration:
#0: stdout all=warning uptime,level,tags
#1: stderr all=off uptime,level,tags

Environment Variables:
PATH=C:/Program Files/Java/jdk-10.0.2/bin/server;C:/Program Files/Java/jdk-10.0.2/bin;C:\ProgramData\Oracle\Java\javapath;C:\Program Files (x86)\Intel\iCLS Client\;C:\Program Files\Intel\iCLS Client\;C:\Windows\system32;C:\Windows;C:\Windows\System32\Wbem;C:\Windows\System32\WindowsPowerShell\v1.0\;C:\Program Files\Intel\Intel(R) Management Engine Components\DAL;C:\Program Files\Intel\Intel(R) Management Engine Components\IPT;C:\Program Files (x86)\Intel\Intel(R) Management Engine Components\DAL;C:\Program Files (x86)\Intel\Intel(R) Management Engine Components\IPT;C:\Program Files (x86)\Skype\Phone\;C:\Program Files (x86)\NVIDIA Corporation\PhysX\Common;C:\Program Files\MATLAB\R2018b\runtime\win64;C:\Program Files\MATLAB\R2018b\bin;C:\Program Files\Java\jdk-10.0.2\bin;C:\Users\USER\Downloads\apache-ant-1.10.5-bin\apache-ant-1.10.5\bin;C:\Program Files\nodejs\;C:\Program Files\Git\cmd;C:\Users\USER\AppData\Local\Programs\Microsoft VS Code\bin;C:\Users\USER\AppData\Roaming\npm;C:\Users\USER\Desktop;
USERNAME=USER
OS=Windows_NT
PROCESSOR_IDENTIFIER=Intel64 Family 6 Model 69 Stepping 1, GenuineIntel



---------------  S Y S T E M  ---------------

OS: Windows 8.1 , 64 bit Build 9600 (6.3.9600.19290)

CPU:total 4 (initial active 4) (2 cores per cpu, 2 threads per core) family 6 model 69 stepping 1, cmov, cx8, fxsr, mmx, sse, sse2, sse3, ssse3, sse4.1, sse4.2, popcnt, avx, avx2, aes, clmul, erms, lzcnt, ht, tsc, tscinvbit, bmi1, bmi2, fma

Memory: 4k page, physical 8269140k(988328k free), swap 28766280k(5360k free)

vm_info: Java HotSpot(TM) 64-Bit Server VM (10.0.2+13) for windows-amd64 JRE (10.0.2+13), built on Jun 28 2018 01:57:56 by "mach5one" with MS VC++ 12.0 (VS2013)

END.
